<?xml version="1.0" encoding="UTF-8"?>
<!-- Generated by org.testng.reporters.JUnitReportReporter -->
<testsuite hostname="MOHAMMEDALA5F0B" name="com.hashmap.HashmapTest" tests="1" failures="0" timestamp="6 Jul 2019 14:57:35 GMT" time="20.594" errors="0">
  <testcase name="login" time="20.594" classname="com.hashmap.HashmapTest"/>
</testsuite> <!-- com.hashmap.HashmapTest -->
