<?xml version="1.0" encoding="UTF-8"?>
<!-- Generated by org.testng.reporters.JUnitReportReporter -->
<testsuite hostname="DESKTOP-A7L5GQS" failures="0" tests="1" name="com.generic.SarowerAccount" time="0.036" errors="0" timestamp="21 Apr 2019 01:01:03 GMT" skipped="0">
  <testcase classname="com.generic.SarowerAccount" name="getTestRunner" time="0.036"/>
</testsuite> <!-- com.generic.SarowerAccount -->
