<?xml version="1.0" encoding="UTF-8"?>
<!-- Generated by org.testng.reporters.JUnitReportReporter -->
<testsuite hostname="DESKTOP-A7L5GQS" failures="0" tests="1" name="com.sujon.TestExecution" time="0.021" errors="0" timestamp="16 Apr 2019 22:55:37 GMT" skipped="0">
  <testcase classname="com.sujon.TestExecution" name="getvalue" time="0.021"/>
</testsuite> <!-- com.sujon.TestExecution -->
