<?xml version="1.0" encoding="UTF-8"?>
<!-- Generated by org.testng.reporters.JUnitReportReporter -->
<testsuite hostname="DESKTOP-A7L5GQS" failures="0" tests="3" name="com.sujon.TestCase" time="0.019" errors="0" timestamp="10 Apr 2019 00:02:05 GMT" skipped="0">
  <testcase classname="com.sujon.TestCase" name="test" time="0.003"/>
  <testcase classname="com.sujon.TestCase" name="test" time="0.015"/>
  <testcase classname="com.sujon.TestCase" name="test" time="0.001"/>
</testsuite> <!-- com.sujon.TestCase -->
