<?xml version="1.0" encoding="UTF-8"?>
<!-- Generated by org.testng.reporters.JUnitReportReporter -->
<testsuite hostname="MOHAMMEDALA5F0B" name="com.smarttech.AmazonLogin" tests="13" failures="0" timestamp="6 Jul 2019 15:04:44 GMT" time="74.483" errors="1">
  <testcase name="Test7" time="0.273" classname="com.smarttech.AmazonLogin"/>
  <testcase name="setUp" time="28.072" classname="com.smarttech.AmazonLogin"/>
  <testcase name="Test11" time="0.073" classname="com.smarttech.AmazonLogin"/>
  <testcase name="Test4" time="1.897" classname="com.smarttech.AmazonLogin"/>
  <testcase name="Test9" time="0.097" classname="com.smarttech.AmazonLogin"/>
  <testcase name="Test2" time="1.090" classname="com.smarttech.AmazonLogin"/>
  <testcase name="Test6" time="1.054" classname="com.smarttech.AmazonLogin"/>
  <testcase name="Test8" time="0.184" classname="com.smarttech.AmazonLogin"/>
  <testcase name="Test10" time="0.135" classname="com.smarttech.AmazonLogin"/>
  <testcase name="Test12" time="18.025" classname="com.smarttech.AmazonLogin"/>
  <testcase name="Test3" time="4.256" classname="com.smarttech.AmazonLogin"/>
  <testcase name="Test13" time="16.849" classname="com.smarttech.AmazonLogin">
    <error type="java.lang.IndexOutOfBoundsException" message="Index: 0, Size: 0">
      <![CDATA[java.lang.IndexOutOfBoundsException: Index: 0, Size: 0
	at java.util.ArrayList.rangeCheck(Unknown Source)
	at java.util.ArrayList.get(Unknown Source)
	at sun.reflect.NativeMethodAccessorImpl.invoke0(Native Method)
	at sun.reflect.NativeMethodAccessorImpl.invoke(Unknown Source)
	at sun.reflect.DelegatingMethodAccessorImpl.invoke(Unknown Source)
	at java.lang.reflect.Method.invoke(Unknown Source)
	at org.openqa.selenium.support.pagefactory.internal.LocatingElementListHandler.invoke(LocatingElementListHandler.java:39)
	at com.sun.proxy.$Proxy11.get(Unknown Source)
	at com.smarttech.AmazonLogin.Test13(AmazonLogin.java:144)
	at sun.reflect.NativeMethodAccessorImpl.invoke0(Native Method)
	at sun.reflect.NativeMethodAccessorImpl.invoke(Unknown Source)
	at sun.reflect.DelegatingMethodAccessorImpl.invoke(Unknown Source)
	at java.lang.reflect.Method.invoke(Unknown Source)
	at org.testng.internal.MethodInvocationHelper.invokeMethod(MethodInvocationHelper.java:85)
	at org.testng.internal.Invoker.invokeMethod(Invoker.java:663)
	at org.testng.internal.Invoker.invokeTestMethod(Invoker.java:849)
	at org.testng.internal.Invoker.invokeTestMethods(Invoker.java:1157)
	at org.testng.internal.TestMethodWorker.invokeTestMethods(TestMethodWorker.java:124)
	at org.testng.internal.TestMethodWorker.run(TestMethodWorker.java:108)
	at org.testng.TestRunner.privateRun(TestRunner.java:771)
	at org.testng.TestRunner.run(TestRunner.java:621)
	at org.testng.SuiteRunner.runTest(SuiteRunner.java:357)
	at org.testng.SuiteRunner.runSequentially(SuiteRunner.java:352)
	at org.testng.SuiteRunner.privateRun(SuiteRunner.java:310)
	at org.testng.SuiteRunner.run(SuiteRunner.java:259)
	at org.testng.SuiteRunnerWorker.runSuite(SuiteRunnerWorker.java:52)
	at org.testng.SuiteRunnerWorker.run(SuiteRunnerWorker.java:86)
	at org.testng.TestNG.runSuitesSequentially(TestNG.java:1200)
	at org.testng.TestNG.runSuitesLocally(TestNG.java:1125)
	at org.testng.TestNG.run(TestNG.java:1033)
	at org.testng.remote.RemoteTestNG.run(RemoteTestNG.java:111)
	at org.testng.remote.RemoteTestNG.initAndRun(RemoteTestNG.java:204)
	at org.testng.remote.RemoteTestNG.main(RemoteTestNG.java:175)
]]>
    </error>
  </testcase> <!-- Test13 -->
  <testcase name="Test5" time="2.478" classname="com.smarttech.AmazonLogin"/>
</testsuite> <!-- com.smarttech.AmazonLogin -->
